<?xml version="1.0" encoding="UTF-8"?>
<testng-results skipped="0" failed="0" total="0" passed="0">
  <reporter-output>
  </reporter-output>
  <suite name="MockServerService.PostApi.AppTest" duration-ms="5" started-at="2015-09-29T07:01:46Z" finished-at="2015-09-29T07:01:46Z">
    <groups>
    </groups>
    <test name="Command line test" duration-ms="5" started-at="2015-09-29T07:01:46Z" finished-at="2015-09-29T07:01:46Z">
    </test> <!-- Command line test -->
  </suite> <!-- MockServerService.PostApi.AppTest -->
</testng-results>
